<?xml version="1.0" encoding="UTF-8"?>
<!-- Generated by org.testng.reporters.JUnitReportReporter -->
<testsuite hostname="ATMECSBLRLT-042" failures="0" tests="2" name="com.atmecs.selenium.training.TicketBooking" time="84.152" errors="0" timestamp="2020-09-18T21:03:15 IST" skipped="0">
  <testcase classname="com.atmecs.selenium.training.TicketBooking" name="signup" time="51.301"/>
  <system-out/>
  <testcase classname="com.atmecs.selenium.training.TicketBooking" name="booking" time="32.851"/>
  <system-out/>
</testsuite> <!-- com.atmecs.selenium.training.TicketBooking -->
