<?xml version="1.0" encoding="UTF-8"?>
<!-- Generated by org.testng.reporters.JUnitReportReporter -->
<testsuite hostname="ATMECSBLRLT-042" failures="0" tests="2" name="test.NewTest" time="0.014" errors="0" timestamp="2020-09-11T11:00:02 IST" skipped="0">
  <testcase classname="test.NewTest" name="testCase1" time="0.011"/>
  <system-out/>
  <testcase classname="test.NewTest" name="testCase2" time="0.003"/>
  <system-out/>
</testsuite> <!-- test.NewTest -->
