<?xml version="1.0" encoding="UTF-8"?>
<!-- Generated by org.testng.reporters.JUnitReportReporter -->
<testsuite hostname="ATMECSBLRLT-042" failures="0" tests="1" name="test.AutomateDemo" time="27.530" errors="0" timestamp="2020-09-17T10:41:51 IST" skipped="0">
  <testcase classname="test.AutomateDemo" name="register" time="27.530"/>
  <system-out/>
</testsuite> <!-- test.AutomateDemo -->
