<?xml version="1.0" encoding="UTF-8"?>
<!-- Generated by org.testng.reporters.JUnitReportReporter -->
<testsuite hostname="ATMECSBLRLT-042" failures="0" tests="1" name="test.PhpChatWidget" time="36.437" errors="0" timestamp="2020-09-17T17:42:48 IST" skipped="0">
  <testcase classname="test.PhpChatWidget" name="chat" time="36.437"/>
  <system-out/>
</testsuite> <!-- test.PhpChatWidget -->
