<?xml version="1.0" encoding="UTF-8"?>
<!-- Generated by org.testng.reporters.JUnitReportReporter -->
<testsuite hostname="ATMECSBLRLT-042" failures="0" tests="2" name="test.TicketBooking" time="66.308" errors="0" timestamp="2020-09-17T22:17:39 IST" skipped="0">
  <testcase classname="test.TicketBooking" name="signup" time="30.513"/>
  <system-out/>
  <testcase classname="test.TicketBooking" name="booking" time="35.795"/>
  <system-out/>
</testsuite> <!-- test.TicketBooking -->
