<?xml version="1.0" encoding="UTF-8"?>
<!-- Generated by org.testng.reporters.JUnitReportReporter -->
<testsuite hostname="ATMECSBLRLT-042" failures="0" tests="1" name="automationdemo.FaceBook" time="12.821" errors="0" timestamp="2020-09-19T21:46:54 IST" skipped="0">
  <testcase classname="automationdemo.FaceBook" name="faceBook" time="12.821"/>
  <system-out/>
</testsuite> <!-- automationdemo.FaceBook -->
