<?xml version="1.0" encoding="UTF-8"?>
<!-- Generated by org.testng.reporters.JUnitReportReporter -->
<testsuite hostname="ATMECSBLRLT-042" failures="0" tests="1" name="test.LocatorsTest" time="50.324" errors="0" timestamp="2020-09-14T16:45:41 IST" skipped="0">
  <testcase classname="test.LocatorsTest" name="launchBrowser" time="50.324"/>
  <system-out/>
</testsuite> <!-- test.LocatorsTest -->
