<?xml version="1.0" encoding="UTF-8"?>
<!-- Generated by org.testng.reporters.JUnitReportReporter -->
<testsuite hostname="ATMECSBLRLT-042" failures="0" tests="1" name="phptravels.ChatWidget" time="42.685" errors="0" timestamp="2020-09-19T20:10:53 IST" skipped="0">
  <testcase classname="phptravels.ChatWidget" name="chat" time="42.685"/>
  <system-out/>
</testsuite> <!-- phptravels.ChatWidget -->
