<?xml version="1.0" encoding="UTF-8"?>
<!-- Generated by org.testng.reporters.JUnitReportReporter -->
<testsuite hostname="ATMECSBLRLT-042" failures="0" tests="5" name="com.atmecs.selenium.training.ShopDemo" time="46.761" errors="0" timestamp="2020-09-19T12:15:09 IST" skipped="0">
  <testcase classname="com.atmecs.selenium.training.ShopDemo" name="signUp" time="9.086"/>
  <system-out/>
  <testcase classname="com.atmecs.selenium.training.ShopDemo" name="logIn" time="7.243"/>
  <system-out/>
  <testcase classname="com.atmecs.selenium.training.ShopDemo" name="contact" time="8.413"/>
  <system-out/>
  <testcase classname="com.atmecs.selenium.training.ShopDemo" name="addCart" time="10.952"/>
  <system-out/>
  <testcase classname="com.atmecs.selenium.training.ShopDemo" name="validateCart" time="11.067"/>
  <system-out/>
</testsuite> <!-- com.atmecs.selenium.training.ShopDemo -->
