<?xml version="1.0" encoding="UTF-8"?>
<!-- Generated by org.testng.reporters.JUnitReportReporter -->
<testsuite hostname="ATMECSBLRLT-042" failures="0" tests="1" name="com.atmecs.selenium.training.AutomateDemo" time="37.242" errors="0" timestamp="2020-09-19T14:46:55 IST" skipped="0">
  <testcase classname="com.atmecs.selenium.training.AutomateDemo" name="register" time="37.242"/>
  <system-out/>
</testsuite> <!-- com.atmecs.selenium.training.AutomateDemo -->
