<?xml version="1.0" encoding="UTF-8"?>
<!-- Generated by org.testng.reporters.JUnitReportReporter -->
<testsuite hostname="ATMECSBLRLT-042" failures="0" tests="1" name="automationdemo.Register" time="42.234" errors="0" timestamp="2020-09-20T13:08:03 IST" skipped="0">
  <testcase classname="automationdemo.Register" name="register" time="42.234"/>
  <system-out/>
</testsuite> <!-- automationdemo.Register -->
