<?xml version="1.0" encoding="UTF-8"?>
<!-- Generated by org.testng.reporters.JUnitReportReporter -->
<testsuite hostname="ATMECSBLRLT-042" failures="0" tests="2" name="test.AnnotationFlowTest" time="0.009" errors="0" timestamp="2020-09-11T11:38:19 IST" skipped="0">
  <testcase classname="test.AnnotationFlowTest" name="testCase1" time="0.006"/>
  <system-out/>
  <testcase classname="test.AnnotationFlowTest" name="testCase2" time="0.003"/>
  <system-out/>
</testsuite> <!-- test.AnnotationFlowTest -->
