<?xml version="1.0" encoding="UTF-8"?>
<!-- Generated by org.testng.reporters.JUnitReportReporter -->
<testsuite hostname="ATMECSBLRLT-042" failures="0" tests="2" name="test.AnnotationBrowserTest" time="16.686" errors="0" timestamp="2020-09-15T13:30:54 IST" skipped="0">
  <testcase classname="test.AnnotationBrowserTest" name="AboutUs" time="8.450"/>
  <system-out/>
  <testcase classname="test.AnnotationBrowserTest" name="Careers" time="8.236"/>
  <system-out/>
</testsuite> <!-- test.AnnotationBrowserTest -->
