<?xml version="1.0" encoding="UTF-8"?>
<!-- Generated by org.testng.reporters.JUnitReportReporter -->
<testsuite hostname="ATMECSBLRLT-042" failures="0" tests="1" name="test.ExplicitWaitTest" time="1.436" errors="0" timestamp="2020-09-14T22:40:26 IST" skipped="0">
  <testcase classname="test.ExplicitWaitTest" name="loginTest" time="1.436"/>
  <system-out/>
</testsuite> <!-- test.ExplicitWaitTest -->
