<?xml version="1.0" encoding="UTF-8"?>
<!-- Generated by org.testng.reporters.JUnitReportReporter -->
<testsuite hostname="ATMECSBLRLT-042" failures="0" tests="4" name="test.DemoLogin" time="52.067" errors="0" timestamp="2020-09-15T17:56:07 IST" skipped="0">
  <testcase classname="test.DemoLogin" name="signup" time="8.932"/>
  <system-out/>
  <testcase classname="test.DemoLogin" name="login" time="17.159"/>
  <system-out/>
  <testcase classname="test.DemoLogin" name="contact" time="7.874"/>
  <system-out/>
  <testcase classname="test.DemoLogin" name="addcart" time="18.102"/>
  <system-out/>
</testsuite> <!-- test.DemoLogin -->
