<?xml version="1.0" encoding="UTF-8"?>
<!-- Generated by org.testng.reporters.JUnitReportReporter -->
<testsuite hostname="ATMECSBLRLT-042" failures="0" tests="2" name="test.AnnotationTest" time="16.538" errors="0" timestamp="2020-09-11T10:43:49 IST" skipped="0">
  <testcase classname="test.AnnotationTest" name="AboutUs" time="7.934"/>
  <system-out/>
  <testcase classname="test.AnnotationTest" name="careers" time="8.604"/>
  <system-out/>
</testsuite> <!-- test.AnnotationTest -->
