<?xml version="1.0" encoding="UTF-8"?>
<!-- Generated by org.testng.reporters.JUnitReportReporter -->
<testsuite hostname="ATMECSBLRLT-042" failures="0" tests="1" name="com.atmecs.php_travels_chat.ChatWidget" time="44.683" errors="0" timestamp="2020-09-24T22:30:46 IST" skipped="0">
  <testcase classname="com.atmecs.php_travels_chat.ChatWidget" name="chat" time="44.683"/>
  <system-out/>
</testsuite> <!-- com.atmecs.php_travels_chat.ChatWidget -->
