<?xml version="1.0" encoding="UTF-8"?>
<!-- Generated by org.testng.reporters.JUnitReportReporter -->
<testsuite hostname="ATMECSBLRLT-042" failures="0" tests="1" name="com.atmecs.php_travels_chat.ChatWidgetTest" time="38.097" errors="0" timestamp="2020-09-29T13:42:05 IST" skipped="0">
  <testcase classname="com.atmecs.php_travels_chat.ChatWidgetTest" name="chatWidgetTest" time="38.097"/>
  <system-out/>
</testsuite> <!-- com.atmecs.php_travels_chat.ChatWidgetTest -->
