<?xml version="1.0" encoding="UTF-8"?>
<!-- Generated by org.testng.reporters.JUnitReportReporter -->
<testsuite hostname="ATMECSBLRLT-042" failures="0" tests="1" name="com.atmecs.demo_blaze.AddCart" time="12.473" errors="0" timestamp="2020-09-21T21:05:58 IST" skipped="0">
  <testcase classname="com.atmecs.demo_blaze.AddCart" name="addCart" time="12.473"/>
  <system-out/>
</testsuite> <!-- com.atmecs.demo_blaze.AddCart -->
