<?xml version="1.0" encoding="UTF-8"?>
<!-- Generated by org.testng.reporters.JUnitReportReporter -->
<testsuite hostname="ATMECSBLRLT-042" failures="0" tests="1" name="com.atmecs.demo_blaze.LogInTest" time="8.010" errors="0" timestamp="2020-09-29T13:44:26 IST" skipped="0">
  <testcase classname="com.atmecs.demo_blaze.LogInTest" name="logInTest" time="8.010"/>
  <system-out/>
</testsuite> <!-- com.atmecs.demo_blaze.LogInTest -->
