<?xml version="1.0" encoding="UTF-8"?>
<!-- Generated by org.testng.reporters.JUnitReportReporter -->
<testsuite hostname="ATMECSBLRLT-042" failures="0" tests="1" name="com.atmecs.demo_blaze.AddCartTest" time="26.551" errors="0" timestamp="2020-09-25T22:55:25 IST" skipped="0">
  <testcase classname="com.atmecs.demo_blaze.AddCartTest" name="addCart" time="26.551"/>
  <system-out/>
</testsuite> <!-- com.atmecs.demo_blaze.AddCartTest -->
