<?xml version="1.0" encoding="UTF-8"?>
<!-- Generated by org.testng.reporters.JUnitReportReporter -->
<testsuite hostname="ATMECSBLRLT-042" failures="0" tests="1" name="com.atmecs.travel_booking.SignUpTest" time="32.109" errors="0" timestamp="2020-09-29T22:36:53 IST" skipped="0">
  <testcase classname="com.atmecs.travel_booking.SignUpTest" name="signUpTest" time="32.109"/>
  <system-out/>
</testsuite> <!-- com.atmecs.travel_booking.SignUpTest -->
