<?xml version="1.0" encoding="UTF-8"?>
<!-- Generated by org.testng.reporters.JUnitReportReporter -->
<testsuite hostname="ATMECSBLRLT-042" failures="0" tests="1" name="com.atmecs.travel_booking.SignUp" time="28.189" errors="0" timestamp="2020-09-25T11:46:32 IST" skipped="0">
  <testcase classname="com.atmecs.travel_booking.SignUp" name="signUp" time="28.189"/>
  <system-out/>
</testsuite> <!-- com.atmecs.travel_booking.SignUp -->
