<?xml version="1.0" encoding="UTF-8"?>
<!-- Generated by org.testng.reporters.JUnitReportReporter -->
<testsuite hostname="ATMECSBLRLT-042" failures="0" tests="1" name="com.atmecs.travel_booking.TravelSiteBooking" time="30.404" errors="0" timestamp="2020-09-22T16:38:42 IST" skipped="0">
  <testcase classname="com.atmecs.travel_booking.TravelSiteBooking" name="booking" time="30.404"/>
  <system-out/>
</testsuite> <!-- com.atmecs.travel_booking.TravelSiteBooking -->
