<?xml version="1.0" encoding="UTF-8"?>
<!-- Generated by org.testng.reporters.JUnitReportReporter -->
<testsuite hostname="ATMECSBLRLT-042" failures="0" tests="1" name="com.atmecs.travel_booking.utils.ExcelUtils" time="0.711" errors="0" timestamp="2020-09-28T18:27:24 IST" skipped="0">
  <testcase classname="com.atmecs.travel_booking.utils.ExcelUtils" name="readExcelData" time="0.711"/>
  <system-out/>
</testsuite> <!-- com.atmecs.travel_booking.utils.ExcelUtils -->
