<?xml version="1.0" encoding="UTF-8"?>
<!-- Generated by org.testng.reporters.JUnitReportReporter -->
<testsuite hostname="ATMECSBLRLT-042" failures="0" tests="1" name="com.atmecs.travel_booking.BookingTest" time="27.885" errors="0" timestamp="2020-09-29T22:36:53 IST" skipped="0">
  <testcase classname="com.atmecs.travel_booking.BookingTest" name="bookingTest" time="27.885"/>
  <system-out/>
</testsuite> <!-- com.atmecs.travel_booking.BookingTest -->
