<?xml version="1.0" encoding="UTF-8"?>
<!-- Generated by org.testng.reporters.JUnitReportReporter -->
<testsuite hostname="ATMECSBLRLT-042" failures="0" tests="1" name="com.atmecs.travel_booking.TravelSiteSignUp" time="32.290" errors="0" timestamp="2020-09-22T16:37:55 IST" skipped="0">
  <testcase classname="com.atmecs.travel_booking.TravelSiteSignUp" name="signUp" time="32.290"/>
  <system-out/>
</testsuite> <!-- com.atmecs.travel_booking.TravelSiteSignUp -->
