<?xml version="1.0" encoding="UTF-8"?>
<!-- Generated by org.testng.reporters.JUnitReportReporter -->
<testsuite hostname="ATMECSBLRLT-042" failures="0" tests="1" name="com.atmecs.automation_demo.GooglePlusTest" time="11.676" errors="0" timestamp="2020-09-30T10:29:00 IST" skipped="0">
  <testcase classname="com.atmecs.automation_demo.GooglePlusTest" name="googlePlusTest" time="11.676"/>
  <system-out/>
</testsuite> <!-- com.atmecs.automation_demo.GooglePlusTest -->
