<?xml version="1.0" encoding="UTF-8"?>
<!-- Generated by org.testng.reporters.JUnitReportReporter -->
<testsuite hostname="ATMECSBLRLT-042" failures="0" tests="1" name="com.atmecs.automation_demo.RegisterTest" time="40.933" errors="0" timestamp="2020-09-30T10:31:49 IST" skipped="0">
  <testcase classname="com.atmecs.automation_demo.RegisterTest" name="registerTest" time="40.933"/>
  <system-out/>
</testsuite> <!-- com.atmecs.automation_demo.RegisterTest -->
